Build started 2/2/2016 10:58:57 AM.
     1>Project "D:\learn\lua-learn\LearnLua\lualib\lualib\lualib.vcxproj" on node 2 (Build target(s)).
     1>ClCompile:
         C:\Program Files (x86)\Microsoft Visual Studio 12.0\VC\bin\CL.exe /c /Zi /nologo /W3 /WX- /sdl /O2 /Oi /Oy- /GL /D WIN32 /D NDEBUG /D _LIB /D _UNICODE /D UNICODE /Gm- /EHsc /MD /GS /Gy /fp:precise /Zc:wchar_t /Zc:forScope /Fo"Release\\" /Fd"Release\vc120.pdb" /Gd /TC /analyze- /errorReport:prompt "..\..\..\..\lualib\lua-5.3.2\src\lapi.c" "..\..\..\..\lualib\lua-5.3.2\src\lauxlib.c" "..\..\..\..\lualib\lua-5.3.2\src\lbaselib.c" "..\..\..\..\lualib\lua-5.3.2\src\lbitlib.c" "..\..\..\..\lualib\lua-5.3.2\src\lcode.c" "..\..\..\..\lualib\lua-5.3.2\src\lcorolib.c" "..\..\..\..\lualib\lua-5.3.2\src\lctype.c" "..\..\..\..\lualib\lua-5.3.2\src\ldblib.c" "..\..\..\..\lualib\lua-5.3.2\src\ldebug.c" "..\..\..\..\lualib\lua-5.3.2\src\ldo.c" "..\..\..\..\lualib\lua-5.3.2\src\ldump.c" "..\..\..\..\lualib\lua-5.3.2\src\lfunc.c" "..\..\..\..\lualib\lua-5.3.2\src\lgc.c" "..\..\..\..\lualib\lua-5.3.2\src\linit.c" "..\..\..\..\lualib\lua-5.3.2\src\liolib.c" "..\..\..\..\lualib\lua-5.3.2\src\llex.c" "..\..\..\..\lualib\lua-5.3.2\src\lmathlib.c" "..\..\..\..\lualib\lua-5.3.2\src\lmem.c" "..\..\..\..\lualib\lua-5.3.2\src\loadlib.c" "..\..\..\..\lualib\lua-5.3.2\src\lobject.c" "..\..\..\..\lualib\lua-5.3.2\src\lopcodes.c" "..\..\..\..\lualib\lua-5.3.2\src\loslib.c" "..\..\..\..\lualib\lua-5.3.2\src\lparser.c" "..\..\..\..\lualib\lua-5.3.2\src\lstate.c" "..\..\..\..\lualib\lua-5.3.2\src\lstring.c" "..\..\..\..\lualib\lua-5.3.2\src\lstrlib.c" "..\..\..\..\lualib\lua-5.3.2\src\ltable.c" "..\..\..\..\lualib\lua-5.3.2\src\ltablib.c" "..\..\..\..\lualib\lua-5.3.2\src\ltm.c" "..\..\..\..\lualib\lua-5.3.2\src\lua.c" "..\..\..\..\lualib\lua-5.3.2\src\luac.c" "..\..\..\..\lualib\lua-5.3.2\src\lundump.c" "..\..\..\..\lualib\lua-5.3.2\src\lutf8lib.c" "..\..\..\..\lualib\lua-5.3.2\src\lvm.c" "..\..\..\..\lualib\lua-5.3.2\src\lzio.c"
         lapi.c
         lauxlib.c
         lbaselib.c
         lbitlib.c
         lcode.c
         lcorolib.c
         lctype.c
         ldblib.c
         ldebug.c
         ldo.c
         ldump.c
         lfunc.c
         lgc.c
         linit.c
         liolib.c
         llex.c
         lmathlib.c
         lmem.c
         loadlib.c
         lobject.c
         Compiling...
         lopcodes.c
         loslib.c
         lparser.c
         lstate.c
         lstring.c
         lstrlib.c
         ltable.c
         ltablib.c
         ltm.c
         lua.c
         luac.c
         lundump.c
         lutf8lib.c
         lvm.c
         lzio.c
       Lib:
         C:\Program Files (x86)\Microsoft Visual Studio 12.0\VC\bin\Lib.exe /OUT:"D:\learn\lua-learn\LearnLua\lualib\Release\lualib.lib" /NOLOGO /LTCG Release\lapi.obj
         Release\lauxlib.obj
         Release\lbaselib.obj
         Release\lbitlib.obj
         Release\lcode.obj
         Release\lcorolib.obj
         Release\lctype.obj
         Release\ldblib.obj
         Release\ldebug.obj
         Release\ldo.obj
         Release\ldump.obj
         Release\lfunc.obj
         Release\lgc.obj
         Release\linit.obj
         Release\liolib.obj
         Release\llex.obj
         Release\lmathlib.obj
         Release\lmem.obj
         Release\loadlib.obj
         Release\lobject.obj
         Release\lopcodes.obj
         Release\loslib.obj
         Release\lparser.obj
         Release\lstate.obj
         Release\lstring.obj
         Release\lstrlib.obj
         Release\ltable.obj
         Release\ltablib.obj
         Release\ltm.obj
         Release\lua.obj
         Release\luac.obj
         Release\lundump.obj
         Release\lutf8lib.obj
         Release\lvm.obj
         Release\lzio.obj
     1>lua.obj : warning LNK4006: _main already defined in luac.obj; second definition ignored
         lualib.vcxproj -> D:\learn\lua-learn\LearnLua\lualib\Release\lualib.lib
     1>Done Building Project "D:\learn\lua-learn\LearnLua\lualib\lualib\lualib.vcxproj" (Build target(s)).

Build succeeded.

Time Elapsed 00:00:23.54
