Build started 2016/2/3 14:27:27.
     1>Project "D:\learn\lua-learn\LearnLua\LuaDll1\LuaDll1\LuaDll1.vcxproj" on node 2 (Build target(s)).
     1>InitializeBuildStatus:
         Touching "Debug\LuaDll1.tlog\unsuccessfulbuild".
       ClCompile:
         All outputs are up-to-date.
         All outputs are up-to-date.
         C:\Program Files (x86)\Microsoft Visual Studio 12.0\VC\bin\CL.exe /c /ZI /nologo /W3 /WX- /sdl /Od /Oy- /D WIN32 /D _DEBUG /D _WINDOWS /D _USRDLL /D LUADLL1_EXPORTS /D _WINDLL /D _UNICODE /D UNICODE /Gm /EHsc /RTC1 /MDd /GS /fp:precise /Zc:wchar_t /Zc:forScope /Yu"stdafx.h" /Fp"Debug\LuaDll1.pch" /Fo"Debug\\" /Fd"Debug\vc120.pdb" /Gd /TP /analyze- /errorReport:prompt LuaDll1.cpp
         {{xgTaskID=00000005}}
         LuaDll1.cpp
         {{xgTaskID=00000000}}
       Link:
         C:\Program Files (x86)\Microsoft Visual Studio 12.0\VC\bin\link.exe /ERRORREPORT:PROMPT /OUT:"D:\learn\lua-learn\LearnLua\LuaDll1\Debug\LuaDll1.dll" /INCREMENTAL /NOLOGO kernel32.lib user32.lib gdi32.lib winspool.lib comdlg32.lib advapi32.lib shell32.lib ole32.lib oleaut32.lib uuid.lib odbc32.lib odbccp32.lib /MANIFEST /MANIFESTUAC:"level='asInvoker' uiAccess='false'" /manifest:embed /DEBUG /PDB:"D:\learn\lua-learn\LearnLua\LuaDll1\Debug\LuaDll1.pdb" /SUBSYSTEM:WINDOWS /TLBID:1 /DYNAMICBASE /NXCOMPAT /IMPLIB:"D:\learn\lua-learn\LearnLua\LuaDll1\Debug\LuaDll1.lib" /MACHINE:X86 /DLL Debug\dllmain.obj
         Debug\LuaDll1.obj
         Debug\stdafx.obj
         {{xgTaskID=00000006}}
     1>LuaDll1.obj : error LNK2019: unresolved external symbol _lua_pushnumber referenced in function "int __cdecl Cpp_Max(struct lua_State *)" (?Cpp_Max@@YAHPAUlua_State@@@Z)
     1>LuaDll1.obj : error LNK2019: unresolved external symbol _lua_createtable referenced in function "int __cdecl luaopen_CppFunc(struct lua_State *)" (?luaopen_CppFunc@@YAHPAUlua_State@@@Z)
     1>LuaDll1.obj : error LNK2019: unresolved external symbol _luaL_checkversion_ referenced in function "int __cdecl luaopen_CppFunc(struct lua_State *)" (?luaopen_CppFunc@@YAHPAUlua_State@@@Z)
     1>LuaDll1.obj : error LNK2019: unresolved external symbol _luaL_checknumber referenced in function "int __cdecl Cpp_Max(struct lua_State *)" (?Cpp_Max@@YAHPAUlua_State@@@Z)
     1>LuaDll1.obj : error LNK2019: unresolved external symbol _luaL_setfuncs referenced in function "int __cdecl luaopen_CppFunc(struct lua_State *)" (?luaopen_CppFunc@@YAHPAUlua_State@@@Z)
     1>D:\learn\lua-learn\LearnLua\LuaDll1\Debug\LuaDll1.dll : fatal error LNK1120: 5 unresolved externals
         {{xgTaskID=00000000}}
     1>Done Building Project "D:\learn\lua-learn\LearnLua\LuaDll1\LuaDll1\LuaDll1.vcxproj" (Build target(s)) -- FAILED.

Build FAILED.

Time Elapsed 00:00:00.95
